Change Component Designator: Old Designator=DA? New Designator=DA3
Change Component Designator: Old Designator=DA? New Designator=DA4
Change Component Designator: Old Designator=DA? New Designator=DA2
Change Component Designator: Old Designator=DA? New Designator=DA2
Change Component Designator: Old Designator=K? New Designator=K1
Change Component Designator: Old Designator=K? New Designator=K1
Change Component Designator: Old Designator=R? New Designator=R18
Change Component Designator: Old Designator=R? New Designator=R19
Change Component Designator: Old Designator=R? New Designator=R20
Change Component Designator: Old Designator=R? New Designator=R21
Change Component Designator: Old Designator=R? New Designator=R22
Change Component Designator: Old Designator=R? New Designator=R23
Change Component Designator: Old Designator=R? New Designator=R24
Change Component Designator: Old Designator=R? New Designator=R25
Change Component Designator: Old Designator=VD? New Designator=VD12
Change Component Designator: Old Designator=VD? New Designator=VD13
Change Component Designator: Old Designator=VT? New Designator=VT6
Change Component Designator: Old Designator=VT? New Designator=VT7
Change Component Designator: Old Designator=VT? New Designator=VT8
Change Component Designator: Old Designator=VT? New Designator=VT9
